Traceback (most recent call last):
  File "/gpfs/users/ouadjout/.local/share/uv/python/cpython-3.13.12-linux-x86_64-gnu/lib/python3.13/pathlib/_local.py", line 722, in mkdir
    os.mkdir(self, mode)
    ~~~~~~~~^^^^^^^^^^^^
FileNotFoundError: [Errno 2] No such file or directory: '/gpfs/workdir/ouadjout/cache/job_0057/e0c832e29d3ab2bdda74c9e8f68a8c50/1234/64b2f2d6f6d353660886c73de45d49d1/8.6095'

During handling of the above exception, another exception occurred:

Traceback (most recent call last):
  File "/gpfs/users/ouadjout/skadatachallenge/scripts/run_one.py", line 31, in run_point
    ps2d_list, x_HI_mean_list = model(theta, cache_dir=cache_dir)
                                ~~~~~^^^^^^^^^^^^^^^^^^^^^^^^^^^^
  File "/gpfs/users/ouadjout/skadatachallenge/generate_data/model.py", line 36, in model
    lightcone = p21c.run_lightcone(
        lightconer=lcn,
    ...<2 lines>...
        progressbar=False
    )
  File "/gpfs/users/ouadjout/skadatachallenge/.venv/lib/python3.13/site-packages/py21cmfast/drivers/lightcone.py", line 694, in run_lightcone
    return deque(generate_lightcone(**kwargs), maxlen=1)[0][-1]
           ~~~~~^^^^^^^^^^^^^^^^^^^^^^^^^^^^^^^^^^^^^^^^
  File "/gpfs/users/ouadjout/skadatachallenge/.venv/lib/python3.13/site-packages/py21cmfast/drivers/_param_config.py", line 497, in __call__
    yield from self._func(**kwargs)
  File "/gpfs/users/ouadjout/skadatachallenge/.venv/lib/python3.13/site-packages/py21cmfast/drivers/lightcone.py", line 657, in generate_lightcone
    ) = _setup_ics_and_pfs_for_scrolling(
        ~~~~~~~~~~~~~~~~~~~~~~~~~~~~~~~~^
        all_redshifts=inputs.node_redshifts,
        ^^^^^^^^^^^^^^^^^^^^^^^^^^^^^^^^^^^^
    ...<4 lines>...
        **iokw,
        ^^^^^^^
    )
    ^
  File "/gpfs/users/ouadjout/skadatachallenge/.venv/lib/python3.13/site-packages/py21cmfast/drivers/coeval.py", line 880, in _setup_ics_and_pfs_for_scrolling
    p = sf.perturb_field(
        redshift=z,
    ...<2 lines>...
        **kw,
    )
  File "/gpfs/users/ouadjout/skadatachallenge/.venv/lib/python3.13/site-packages/py21cmfast/drivers/_param_config.py", line 464, in __call__
    self._handle_write_to_cache(cache, write, out)
    ~~~~~~~~~~~~~~~~~~~~~~~~~~~^^^^^^^^^^^^^^^^^^^
  File "/gpfs/users/ouadjout/skadatachallenge/.venv/lib/python3.13/site-packages/py21cmfast/drivers/_param_config.py", line 414, in _handle_write_to_cache
    cache.write(obj)
    ~~~~~~~~~~~^^^^^
  File "/gpfs/users/ouadjout/skadatachallenge/.venv/lib/python3.13/site-packages/py21cmfast/io/caching.py", line 199, in write
    write_output_to_hdf5(obj, path=pth)
    ~~~~~~~~~~~~~~~~~~~~^^^^^^^^^^^^^^^
  File "/gpfs/users/ouadjout/skadatachallenge/.venv/lib/python3.13/site-packages/py21cmfast/io/h5.py", line 99, in write_output_to_hdf5
    path.parent.mkdir(exist_ok=True, parents=True)
    ~~~~~~~~~~~~~~~~~^^^^^^^^^^^^^^^^^^^^^^^^^^^^^
  File "/gpfs/users/ouadjout/.local/share/uv/python/cpython-3.13.12-linux-x86_64-gnu/lib/python3.13/pathlib/_local.py", line 726, in mkdir
    self.parent.mkdir(parents=True, exist_ok=True)
    ~~~~~~~~~~~~~~~~~^^^^^^^^^^^^^^^^^^^^^^^^^^^^^
  File "/gpfs/users/ouadjout/.local/share/uv/python/cpython-3.13.12-linux-x86_64-gnu/lib/python3.13/pathlib/_local.py", line 722, in mkdir
    os.mkdir(self, mode)
    ~~~~~~~~^^^^^^^^^^^^
OSError: [Errno 122] Disk quota exceeded: '/gpfs/workdir/ouadjout/cache/job_0057/e0c832e29d3ab2bdda74c9e8f68a8c50/1234/64b2f2d6f6d353660886c73de45d49d1'
