Utilisation de 32 threads via Slurm.
Démarrage de la simulation séquentielle (Optimisation RAM)...
--- Traitement Redshift 6.54 ---
Traceback (most recent call last):
  File "/gpfs/users/ouadjout/skadatachallenge/.venv/lib/python3.13/site-packages/py21cmfast/wrapper/arrays.py", line 55, in write
    f.create_dataset(self.dataset, data=val)
    ~~~~~~~~~~~~~~~~^^^^^^^^^^^^^^^^^^^^^^^^
  File "/gpfs/users/ouadjout/skadatachallenge/.venv/lib/python3.13/site-packages/h5py/_hl/group.py", line 240, in create_dataset
    dsid = dataset.make_new_dset(group, shape, dtype, data, name, **kwds)
  File "/gpfs/users/ouadjout/skadatachallenge/.venv/lib/python3.13/site-packages/h5py/_hl/dataset.py", line 192, in make_new_dset
    dset_id.write(h5s.ALL, h5s.ALL, data)
    ~~~~~~~~~~~~~^^^^^^^^^^^^^^^^^^^^^^^^
  File "h5py/_objects.pyx", line 54, in h5py._objects.with_phil.wrapper
  File "h5py/_objects.pyx", line 55, in h5py._objects.with_phil.wrapper
  File "h5py/h5d.pyx", line 305, in h5py.h5d.DatasetID.write
  File "h5py/_proxy.pyx", line 122, in h5py._proxy.dset_rw
OSError: [Errno 122] Can't synchronously write data (file write failed: time = Wed Mar 18 07:22:39 2026
, filename = '/gpfs/users/ouadjout/cache/4a20a9b34b61f953cd29ab87a2057c6c/1234/InitialConditions.h5', file descriptor = 4, errno = 122, error message = 'Disk quota exceeded', buf = 0x14dcc2a2e010, total write size = 32000000, bytes this sub-write = 32000000, offset = 8192)

During handling of the above exception, another exception occurred:

Traceback (most recent call last):
  File "/gpfs/users/ouadjout/skadatachallenge/.venv/lib/python3.13/site-packages/py21cmfast/io/h5.py", line 113, in write_output_to_hdf5
    write_outputs_to_group(output, group)
    ~~~~~~~~~~~~~~~~~~~~~~^^^^^^^^^^^^^^^
  File "/gpfs/users/ouadjout/skadatachallenge/.venv/lib/python3.13/site-packages/py21cmfast/io/h5.py", line 205, in write_outputs_to_group
    new = array.written_to_disk(H5Backend(group.file.filename, f"{group.name}/{k}"))
  File "/gpfs/users/ouadjout/skadatachallenge/.venv/lib/python3.13/site-packages/py21cmfast/wrapper/arrays.py", line 180, in written_to_disk
    backend.write(self.value)
    ~~~~~~~~~~~~~^^^^^^^^^^^^
  File "/gpfs/users/ouadjout/skadatachallenge/.venv/lib/python3.13/site-packages/py21cmfast/wrapper/arrays.py", line 50, in write
    with h5py.File(self.path, "a") as f:
         ~~~~~~~~~^^^^^^^^^^^^^^^^
  File "h5py/_objects.pyx", line 54, in h5py._objects.with_phil.wrapper
  File "h5py/_objects.pyx", line 55, in h5py._objects.with_phil.wrapper
  File "/gpfs/users/ouadjout/skadatachallenge/.venv/lib/python3.13/site-packages/h5py/_hl/files.py", line 638, in __exit__
    self.close()
    ~~~~~~~~~~^^
  File "/gpfs/users/ouadjout/skadatachallenge/.venv/lib/python3.13/site-packages/h5py/_hl/files.py", line 621, in close
    self.id._close_open_objects(h5f.OBJ_LOCAL | h5f.OBJ_FILE)
    ~~~~~~~~~~~~~~~~~~~~~~~~~~~^^^^^^^^^^^^^^^^^^^^^^^^^^^^^^
  File "h5py/_objects.pyx", line 54, in h5py._objects.with_phil.wrapper
  File "h5py/_objects.pyx", line 55, in h5py._objects.with_phil.wrapper
  File "h5py/h5f.pyx", line 359, in h5py.h5f.FileID._close_open_objects
RuntimeError: Can't decrement id ref count (file write failed: time = Wed Mar 18 07:22:39 2026
, filename = '/gpfs/users/ouadjout/cache/4a20a9b34b61f953cd29ab87a2057c6c/1234/InitialConditions.h5', file descriptor = 4, errno = 122, error message = 'Disk quota exceeded', buf = 0x87cc740, total write size = 4096, bytes this sub-write = 4096, offset = 2048)

During handling of the above exception, another exception occurred:

Traceback (most recent call last):
  File "/gpfs/users/ouadjout/skadatachallenge/main.py", line 100, in <module>
    main()
    ~~~~^^
  File "/gpfs/users/ouadjout/skadatachallenge/main.py", line 68, in main
    coevals = p21c.run_coeval(
        out_redshifts=[z],
    ...<2 lines>...
        progressbar=False
    )
object address  : 0x14dcc4cf96c0
object refcount : 3



