Démarrage de la simulation séquentielle (Optimisation RAM)...
Traceback (most recent call last):
  File "/gpfs/users/ouadjout/skadatachallenge/main.py", line 87, in <module>
    main()
    ~~~~^^
  File "/gpfs/users/ouadjout/skadatachallenge/main.py", line 61, in main
    coevals = p21c.run_coeval(
            out_redshifts=redshifts,
    ...<2 lines>...
            cache = cache
    )
  File "/gpfs/users/ouadjout/skadatachallenge/.venv/lib/python3.13/site-packages/py21cmfast/drivers/coeval.py", line 639, in run_coeval
    return [coeval for coeval, in_outputs in generate_coeval(**kwargs) if in_outputs]
                                             ~~~~~~~~~~~~~~~^^^^^^^^^^
  File "/gpfs/users/ouadjout/skadatachallenge/.venv/lib/python3.13/site-packages/py21cmfast/drivers/_param_config.py", line 497, in __call__
    yield from self._func(**kwargs)
  File "/gpfs/users/ouadjout/skadatachallenge/.venv/lib/python3.13/site-packages/py21cmfast/drivers/coeval.py", line 579, in generate_coeval
    ) = _setup_ics_and_pfs_for_scrolling(
        ~~~~~~~~~~~~~~~~~~~~~~~~~~~~~~~~^
        all_redshifts=all_redshifts,
        ^^^^^^^^^^^^^^^^^^^^^^^^^^^^
    ...<4 lines>...
        **iokw,
        ^^^^^^^
    )
    ^
  File "/gpfs/users/ouadjout/skadatachallenge/.venv/lib/python3.13/site-packages/py21cmfast/drivers/coeval.py", line 891, in _setup_ics_and_pfs_for_scrolling
    halofield_list = evolve_halos(
        inputs=inputs,
    ...<3 lines>...
        **kw,
    )
  File "/gpfs/users/ouadjout/skadatachallenge/.venv/lib/python3.13/site-packages/py21cmfast/drivers/coeval.py", line 455, in evolve_halos
    halos = sf.determine_halo_catalog(
        redshift=z,
    ...<3 lines>...
        **kw,
    )
  File "/gpfs/users/ouadjout/skadatachallenge/.venv/lib/python3.13/site-packages/py21cmfast/drivers/_param_config.py", line 463, in __call__
    out = self._func(**kwargs)
  File "/gpfs/users/ouadjout/skadatachallenge/.venv/lib/python3.13/site-packages/py21cmfast/drivers/single_field.py", line 169, in determine_halo_catalog
    return fields.compute(
           ~~~~~~~~~~~~~~^
        ics=initial_conditions,
        ^^^^^^^^^^^^^^^^^^^^^^^
        descendant_halos=descendant_halos,
        ^^^^^^^^^^^^^^^^^^^^^^^^^^^^^^^^^^
    )
    ^
  File "/gpfs/users/ouadjout/skadatachallenge/.venv/lib/python3.13/site-packages/py21cmfast/wrapper/outputs.py", line 859, in compute
    return self._compute(
           ~~~~~~~~~~~~~^
        allow_already_computed,
        ^^^^^^^^^^^^^^^^^^^^^^^
    ...<4 lines>...
        descendant_halos,
        ^^^^^^^^^^^^^^^^^
    )
    ^
  File "/gpfs/users/ouadjout/skadatachallenge/.venv/lib/python3.13/site-packages/py21cmfast/wrapper/outputs.py", line 461, in _compute
    self.push_to_backend()
    ~~~~~~~~~~~~~~~~~~~~^^
  File "/gpfs/users/ouadjout/skadatachallenge/.venv/lib/python3.13/site-packages/py21cmfast/wrapper/outputs.py", line 189, in push_to_backend
    self._init_arrays()
    ~~~~~~~~~~~~~~~~~^^
  File "/gpfs/users/ouadjout/skadatachallenge/.venv/lib/python3.13/site-packages/py21cmfast/wrapper/outputs.py", line 175, in _init_arrays
    setattr(self, k, array.initialize())
                     ~~~~~~~~~~~~~~~~^^
  File "/gpfs/users/ouadjout/skadatachallenge/.venv/lib/python3.13/site-packages/py21cmfast/wrapper/arrays.py", line 155, in initialize
    value=self.initfunc(self.shape, dtype=self.dtype),
          ~~~~~~~~~~~~~^^^^^^^^^^^^^^^^^^^^^^^^^^^^^^
numpy._core._exceptions._ArrayMemoryError: Unable to allocate 16.5 GiB for an array with shape (4439449997,) and data type float32
