Perturbing Matter Fields ━━━━━ 100% • 17/17 redshifts • 0:00… • 0:00:… remaining
          Evolving Halos ━━━━━ 100% • 17/17 redshifts • 0:00… • 0:00:… remaining
   Evolving Astrophysics ━━━━━ 100% • 17/17 redshifts • 0:00… • 0:00:… remaining
PS calculé pour z=7.56-8.41 (Profondeur: 248.0 Mpc), x_HI_mean=0.388)
PS calculé pour z=6.85-7.56 (Profondeur: 238.0 Mpc), x_HI_mean=0.561)
PS calculé pour z=6.25-6.85 (Profondeur: 226.0 Mpc), x_HI_mean=0.727)
Log-likelihood: -678.01, Log-prior: -12.62, Log-posterior: -690.63
Perturbing Matter Fields ━━━━━ 100% • 17/17 redshifts • 0:00… • 0:00:… remaining
          Evolving Halos ━━━━━ 100% • 17/17 redshifts • 0:00… • 0:00:… remaining
   Evolving Astrophysics ━━━━━ 100% • 17/17 redshifts • 0:00… • 0:00:… remaining
PS calculé pour z=7.56-8.41 (Profondeur: 248.0 Mpc), x_HI_mean=0.790)
PS calculé pour z=6.85-7.56 (Profondeur: 238.0 Mpc), x_HI_mean=0.940)
PS calculé pour z=6.25-6.85 (Profondeur: 226.0 Mpc), x_HI_mean=0.985)
Log-likelihood: -1603.57, Log-prior: -12.62, Log-posterior: -1616.19
Perturbing Matter Fields ━━━━━ 100% • 17/17 redshifts • 0:00… • 0:00:… remaining
          Evolving Halos ━━━━━ 100% • 17/17 redshifts • 0:00… • 0:00:… remaining
   Evolving Astrophysics ━━━━━ 100% • 17/17 redshifts • 0:00… • 0:00:… remaining
PS calculé pour z=7.56-8.41 (Profondeur: 248.0 Mpc), x_HI_mean=0.207)
PS calculé pour z=6.85-7.56 (Profondeur: 238.0 Mpc), x_HI_mean=0.348)
PS calculé pour z=6.25-6.85 (Profondeur: 226.0 Mpc), x_HI_mean=0.523)
Log-likelihood: -418.34, Log-prior: -12.62, Log-posterior: -430.95
New best theta: {'ALPHA_STAR': 0.5101219488497608, 'F_STAR10': -2.337781020699747, 'F_ESC10': 0.8325966173524066, 'ALPHA_ESC': -0.63614501065216, 'M_TURN': 8.848959778853787, 't_STAR': 0.3668778607162644, 'L_X': 39.14103821708782, 'NU_X_THRESH': 1039.5118162828849}, Log-posterior: -430.95
Perturbing Matter Fields ━━━━━ 100% • 17/17 redshifts • 0:00… • 0:00:… remaining
          Evolving Halos ━━━━━ 100% • 17/17 redshifts • 0:00… • 0:00:… remaining
   Evolving Astrophysics ━━━━━ 100% • 17/17 redshifts • 0:00… • 0:00:… remaining
PS calculé pour z=7.56-8.41 (Profondeur: 248.0 Mpc), x_HI_mean=0.175)
PS calculé pour z=6.85-7.56 (Profondeur: 238.0 Mpc), x_HI_mean=0.385)
PS calculé pour z=6.25-6.85 (Profondeur: 226.0 Mpc), x_HI_mean=0.628)
Log-likelihood: -1529.42, Log-prior: -12.62, Log-posterior: -1542.04
Perturbing Matter Fields ━━━━━ 100% • 17/17 redshifts • 0:00… • 0:00:… remaining
          Evolving Halos ━━━━━ 100% • 17/17 redshifts • 0:00… • 0:00:… remaining
   Evolving Astrophysics ━━━━━ 100% • 17/17 redshifts • 0:00… • 0:00:… remaining
PS calculé pour z=7.56-8.41 (Profondeur: 248.0 Mpc), x_HI_mean=0.083)
PS calculé pour z=6.85-7.56 (Profondeur: 238.0 Mpc), x_HI_mean=0.177)
PS calculé pour z=6.25-6.85 (Profondeur: 226.0 Mpc), x_HI_mean=0.328)
Log-likelihood: -423.50, Log-prior: -12.62, Log-posterior: -436.12
Perturbing Matter Fields ━━━━━ 100% • 17/17 redshifts • 0:00… • 0:00:… remaining
          Evolving Halos ━━━━━ 100% • 17/17 redshifts • 0:00… • 0:00:… remaining
   Evolving Astrophysics ━━━━━ 100% • 17/17 redshifts • 0:00… • 0:00:… remaining
PS calculé pour z=7.56-8.41 (Profondeur: 248.0 Mpc), x_HI_mean=1.000)
PS calculé pour z=6.85-7.56 (Profondeur: 238.0 Mpc), x_HI_mean=1.000)
PS calculé pour z=6.25-6.85 (Profondeur: 226.0 Mpc), x_HI_mean=1.000)
Log-likelihood: -1636.37, Log-prior: -12.62, Log-posterior: -1648.99
Perturbing Matter Fields ━━━━━ 100% • 17/17 redshifts • 0:00… • 0:00:… remaining
          Evolving Halos ━━━━━ 100% • 17/17 redshifts • 0:00… • 0:00:… remaining
   Evolving Astrophysics ━━━━━ 100% • 17/17 redshifts • 0:00… • 0:00:… remaining
PS calculé pour z=7.56-8.41 (Profondeur: 248.0 Mpc), x_HI_mean=0.005)
PS calculé pour z=6.85-7.56 (Profondeur: 238.0 Mpc), x_HI_mean=0.008)
PS calculé pour z=6.25-6.85 (Profondeur: 226.0 Mpc), x_HI_mean=0.010)
Log-likelihood: -5356.00, Log-prior: -12.62, Log-posterior: -5368.62
Perturbing Matter Fields ━━━━━ 100% • 17/17 redshifts • 0:00… • 0:00:… remaining
          Evolving Halos ━━━━━ 100% • 17/17 redshifts • 0:00… • 0:00:… remaining
   Evolving Astrophysics ━━━━━ 100% • 17/17 redshifts • 0:00… • 0:00:… remaining
PS calculé pour z=7.56-8.41 (Profondeur: 248.0 Mpc), x_HI_mean=0.003)
PS calculé pour z=6.85-7.56 (Profondeur: 238.0 Mpc), x_HI_mean=0.005)
PS calculé pour z=6.25-6.85 (Profondeur: 226.0 Mpc), x_HI_mean=0.008)
Log-likelihood: -5321.74, Log-prior: -12.62, Log-posterior: -5334.36
Perturbing Matter Fields ━━━━━ 100% • 17/17 redshifts • 0:00… • 0:00:… remaining
          Evolving Halos ━━━━━ 100% • 17/17 redshifts • 0:00… • 0:00:… remaining
   Evolving Astrophysics ━━━━━ 100% • 17/17 redshifts • 0:00… • 0:00:… remaining
PS calculé pour z=7.56-8.41 (Profondeur: 248.0 Mpc), x_HI_mean=0.030)
PS calculé pour z=6.85-7.56 (Profondeur: 238.0 Mpc), x_HI_mean=0.042)
PS calculé pour z=6.25-6.85 (Profondeur: 226.0 Mpc), x_HI_mean=0.053)
Log-likelihood: -3239.87, Log-prior: -12.62, Log-posterior: -3252.49
Perturbing Matter Fields ━━━━━ 100% • 17/17 redshifts • 0:00… • 0:00:… remaining
          Evolving Halos ━━━━━ 100% • 17/17 redshifts • 0:00… • 0:00:… remaining
   Evolving Astrophysics ━━━━━ 100% • 17/17 redshifts • 0:00… • 0:00:… remaining
PS calculé pour z=7.56-8.41 (Profondeur: 248.0 Mpc), x_HI_mean=0.943)
PS calculé pour z=6.85-7.56 (Profondeur: 238.0 Mpc), x_HI_mean=0.993)
PS calculé pour z=6.25-6.85 (Profondeur: 226.0 Mpc), x_HI_mean=0.999)
Log-likelihood: -1522.24, Log-prior: -12.62, Log-posterior: -1534.86
Perturbing Matter Fields ━━━━━ 100% • 17/17 redshifts • 0:00… • 0:00:… remaining
          Evolving Halos ━━━━━ 100% • 17/17 redshifts • 0:00… • 0:00:… remaining
   Evolving Astrophysics ━━━━━ 100% • 17/17 redshifts • 0:00… • 0:00:… remaining
PS calculé pour z=7.56-8.41 (Profondeur: 248.0 Mpc), x_HI_mean=0.088)
PS calculé pour z=6.85-7.56 (Profondeur: 238.0 Mpc), x_HI_mean=0.185)
PS calculé pour z=6.25-6.85 (Profondeur: 226.0 Mpc), x_HI_mean=0.338)
Log-likelihood: -400.77, Log-prior: -12.62, Log-posterior: -413.39
New best theta: {'ALPHA_STAR': 0.7467114478486883, 'F_STAR10': -1.5423639229772335, 'F_ESC10': -0.9990789206244286, 'ALPHA_ESC': 0.10303641767943761, 'M_TURN': 9.763418905060947, 't_STAR': 0.43253930862176293, 'L_X': 40.28039073795977, 'NU_X_THRESH': 1308.4790526363697}, Log-posterior: -413.39
Best theta found: {'ALPHA_STAR': 0.7467114478486883, 'F_STAR10': -1.5423639229772335, 'F_ESC10': -0.9990789206244286, 'ALPHA_ESC': 0.10303641767943761, 'M_TURN': 9.763418905060947, 't_STAR': 0.43253930862176293, 'L_X': 40.28039073795977, 'NU_X_THRESH': 1308.4790526363697} with log-posterior: -413.38541008670035
