Generating datasets...
Loaded 11937 successful points from low_generate_data/results/
Saved last loaded arrays to low_generate_data/results/last_loading/

Training emulator...
epoch   50/300  loss=0.001533
epoch  100/300  loss=0.000598
epoch  150/300  loss=0.000219
epoch  200/300  loss=0.000222
epoch  250/300  loss=0.000068
epoch  300/300  loss=0.000063
Model saved → emulator/checkpoints/emulator.pt

Evaluating on test set...

── PS2D metrics (flattened 10×10 per sample) ─────────────────────
  bin                       RMSE         MAE        R²
  z=[8.41,7.56]          0.00622     0.00182    0.9981
  z=[7.56,6.85]          0.00690     0.00178    0.9924
  z=[6.85,6.25]          0.00658     0.00169    0.9815

── xHI metrics ───────────────────────────────────────────────────
  bin                       RMSE         MAE        R²
  z=[8.41,7.56]          0.01182     0.00336    0.9992
  z=[7.56,6.85]          0.00812     0.00276    0.9996
  z=[6.85,6.25]          0.00692     0.00272    0.9997
  Saved → eval_scatter.png
  Saved → eval_residuals.png
  Saved → eval_ps2d_maps.png

Done.
