Utilisation de 8 threads via Slurm.
Démarrage de la simulation séquentielle (Optimisation RAM)...
--- Traitement Redshift 6.54 ---
Traceback (most recent call last):
  File "/gpfs/users/ouadjout/skadatachallenge/main.py", line 101, in <module>
    main()
    ~~~~^^
  File "/gpfs/users/ouadjout/skadatachallenge/main.py", line 70, in main
    coevals = p21c.run_coeval(
        out_redshifts=[z],
        inputs=inputs,
        progressbar=False,
    )
  File "/gpfs/users/ouadjout/skadatachallenge/.venv/lib/python3.13/site-packages/py21cmfast/drivers/coeval.py", line 639, in run_coeval
    return [coeval for coeval, in_outputs in generate_coeval(**kwargs) if in_outputs]
                                             ~~~~~~~~~~~~~~~^^^^^^^^^^
  File "/gpfs/users/ouadjout/skadatachallenge/.venv/lib/python3.13/site-packages/py21cmfast/drivers/_param_config.py", line 497, in __call__
    yield from self._func(**kwargs)
  File "/gpfs/users/ouadjout/skadatachallenge/.venv/lib/python3.13/site-packages/py21cmfast/drivers/coeval.py", line 579, in generate_coeval
    ) = _setup_ics_and_pfs_for_scrolling(
        ~~~~~~~~~~~~~~~~~~~~~~~~~~~~~~~~^
        all_redshifts=all_redshifts,
        ^^^^^^^^^^^^^^^^^^^^^^^^^^^^
    ...<4 lines>...
        **iokw,
        ^^^^^^^
    )
    ^
  File "/gpfs/users/ouadjout/skadatachallenge/.venv/lib/python3.13/site-packages/py21cmfast/drivers/coeval.py", line 891, in _setup_ics_and_pfs_for_scrolling
    halofield_list = evolve_halos(
        inputs=inputs,
    ...<3 lines>...
        **kw,
    )
  File "/gpfs/users/ouadjout/skadatachallenge/.venv/lib/python3.13/site-packages/py21cmfast/drivers/coeval.py", line 455, in evolve_halos
    halos = sf.determine_halo_catalog(
        redshift=z,
    ...<3 lines>...
        **kw,
    )
  File "/gpfs/users/ouadjout/skadatachallenge/.venv/lib/python3.13/site-packages/py21cmfast/drivers/_param_config.py", line 449, in __call__
    out = self._handle_read_from_cache(inputs, current_redshift, cache, regen)
  File "/gpfs/users/ouadjout/skadatachallenge/.venv/lib/python3.13/site-packages/py21cmfast/drivers/_param_config.py", line 395, in _handle_read_from_cache
    this = h5.read_output_struct(path, safe=config["safe_read"])
  File "/gpfs/users/ouadjout/skadatachallenge/.venv/lib/python3.13/site-packages/py21cmfast/io/h5.py", line 265, in read_output_struct
    assert "InputParameters" in group
           ^^^^^^^^^^^^^^^^^^^^^^^^^^
AssertionError
