2026-03-18 09:17:30 | ERROR   | Stochasticity.c | sample_halo_grids:911 [pid=177009/thr=0] | Halo buffer overflow (allocated 103725479 halos per thread)
2026-03-18 09:17:30 | ERROR   | Stochasticity.c | sample_halo_grids:913 [pid=177009/thr=0] | Thread 0: 103725479 halos
2026-03-18 09:17:30 | ERROR   | Stochasticity.c | sample_halo_grids:913 [pid=177009/thr=0] | Thread 1: 103725479 halos
2026-03-18 09:17:30 | ERROR   | Stochasticity.c | sample_halo_grids:913 [pid=177009/thr=0] | Thread 2: 79084830 halos
2026-03-18 09:17:30 | ERROR   | Stochasticity.c | sample_halo_grids:913 [pid=177009/thr=0] | Thread 3: 79188015 halos
2026-03-18 09:17:30 | ERROR   | Stochasticity.c | sample_halo_grids:913 [pid=177009/thr=0] | Thread 4: 103060894 halos
2026-03-18 09:17:30 | ERROR   | Stochasticity.c | sample_halo_grids:913 [pid=177009/thr=0] | Thread 5: 102973951 halos
2026-03-18 09:17:30 | ERROR   | Stochasticity.c | sample_halo_grids:913 [pid=177009/thr=0] | Thread 6: 102914679 halos
2026-03-18 09:17:30 | ERROR   | Stochasticity.c | sample_halo_grids:913 [pid=177009/thr=0] | Thread 7: 76165453 halos
2026-03-18 09:17:30 | ERROR   | Stochasticity.c | sample_halo_grids:913 [pid=177009/thr=0] | Thread 8: 77495608 halos
2026-03-18 09:17:30 | ERROR   | Stochasticity.c | sample_halo_grids:913 [pid=177009/thr=0] | Thread 9: 101487254 halos
2026-03-18 09:17:30 | ERROR   | Stochasticity.c | sample_halo_grids:913 [pid=177009/thr=0] | Thread 10: 77190570 halos
2026-03-18 09:17:30 | ERROR   | Stochasticity.c | sample_halo_grids:913 [pid=177009/thr=0] | Thread 11: 78542206 halos
2026-03-18 09:17:30 | ERROR   | Stochasticity.c | sample_halo_grids:913 [pid=177009/thr=0] | Thread 12: 79129086 halos
2026-03-18 09:17:30 | ERROR   | Stochasticity.c | sample_halo_grids:913 [pid=177009/thr=0] | Thread 13: 78639717 halos
2026-03-18 09:17:30 | ERROR   | Stochasticity.c | sample_halo_grids:913 [pid=177009/thr=0] | Thread 14: 77679166 halos
2026-03-18 09:17:30 | ERROR   | Stochasticity.c | sample_halo_grids:913 [pid=177009/thr=0] | Thread 15: 77238525 halos
2026-03-18 09:17:30 | ERROR   | Stochasticity.c | sample_halo_grids:913 [pid=177009/thr=0] | Thread 16: 76826364 halos
2026-03-18 09:17:30 | ERROR   | Stochasticity.c | sample_halo_grids:913 [pid=177009/thr=0] | Thread 17: 78406073 halos
2026-03-18 09:17:30 | ERROR   | Stochasticity.c | sample_halo_grids:913 [pid=177009/thr=0] | Thread 18: 78161915 halos
2026-03-18 09:17:30 | ERROR   | Stochasticity.c | sample_halo_grids:913 [pid=177009/thr=0] | Thread 19: 77981432 halos
2026-03-18 09:17:30 | ERROR   | Stochasticity.c | sample_halo_grids:913 [pid=177009/thr=0] | Thread 20: 78176281 halos
2026-03-18 09:17:30 | ERROR   | Stochasticity.c | sample_halo_grids:913 [pid=177009/thr=0] | Thread 21: 77116638 halos
2026-03-18 09:17:30 | ERROR   | Stochasticity.c | sample_halo_grids:913 [pid=177009/thr=0] | Thread 22: 76827861 halos
2026-03-18 09:17:30 | ERROR   | Stochasticity.c | sample_halo_grids:913 [pid=177009/thr=0] | Thread 23: 77342774 halos
2026-03-18 09:17:30 | ERROR   | Stochasticity.c | sample_halo_grids:913 [pid=177009/thr=0] | Thread 24: 77049948 halos
2026-03-18 09:17:30 | ERROR   | Stochasticity.c | sample_halo_grids:913 [pid=177009/thr=0] | Thread 25: 77680170 halos
2026-03-18 09:17:30 | ERROR   | Stochasticity.c | sample_halo_grids:913 [pid=177009/thr=0] | Thread 26: 77957358 halos
2026-03-18 09:17:30 | ERROR   | Stochasticity.c | sample_halo_grids:913 [pid=177009/thr=0] | Thread 27: 77952262 halos
2026-03-18 09:17:30 | ERROR   | Stochasticity.c | sample_halo_grids:913 [pid=177009/thr=0] | Thread 28: 77610358 halos
2026-03-18 09:17:30 | ERROR   | Stochasticity.c | sample_halo_grids:913 [pid=177009/thr=0] | Thread 29: 78418213 halos
2026-03-18 09:17:30 | ERROR   | Stochasticity.c | sample_halo_grids:917 [pid=177009/thr=0] | If you expected to have an above average halo number try raising config['HALO_CATALOG_MEM_FACTOR']
In function: ComputeHaloCatalog.  Arguments: (-1.0, 6.54, InitialConditions(inputs=cosmo_params: CosmoParams(_SIGMA_8=0.8102, hlittle=0.6766, OMm=0.30964, OMb=0.04897, POWER_INDEX=0.9665, _A_s=None, OMn=0.0, OMk=0.0, OMr=8.6e-05, OMtot=1.0, Y_He=0.24, wl=-1.0)
simulation_options: SimulationOptions(HII_DIM=100, _BOX_LEN=700.0, _DIM=300, _HIRES_TO_LOWRES_FACTOR=None, _LOWRES_CELL_SIZE_MPC=None, NON_CUBIC_FACTOR=1.0, N_THREADS=30, SAMPLER_MIN_MASS=100000000.0, SAMPLER_BUFFER_FACTOR=2.0, N_COND_INTERP=200, N_PROB_INTERP=400, MIN_LOGPROB=-12.0, HALOMASS_CORRECTION=0.89, PARKINSON_G0=1.0, PARKINSON_y1=0.0, PARKINSON_y2=0.0, Z_HEAT_MAX=35.0, ZPRIME_STEP_FACTOR=1.02, MIN_XE_FOR_FCOLL_IN_TAUX=0.001, INITIAL_REDSHIFT=300.0, DELTA_R_FACTOR=1.1, DENSITY_SMOOTH_RADIUS=0.2, DEXM_OPTIMIZE_MINMASS=100000000000.0, DEXM_R_OVERLAP=2.0, CORR_STAR=0.5, CORR_SFR=0.2, CORR_LX=0.2, K_MAX_FOR_CLASS=None)
matter_options: MatterOptions(HMF='ST', USE_RELATIVE_VELOCITIES=False, POWER_SPECTRUM='EH', PERTURB_ON_HIGH_RES=False, USE_INTERPOLATION_TABLES='hmf-interpolation', MINIMIZE_MEMORY=False, KEEP_3D_VELOCITIES=False, SAMPLE_METHOD='MASS-LIMITED', FILTER='spherical-tophat', HALO_FILTER='spherical-tophat', SMOOTH_EVOLVED_DENSITY_FIELD=False, DEXM_OPTIMIZE=False, PERTURB_ALGORITHM='2LPT', USE_FFTW_WISDOM=False, SOURCE_MODEL='CHMF-SAMPLER')
astro_params: AstroParams(HII_EFF_FACTOR=30.0, F_STAR10=-1.3, ALPHA_STAR=0.5, F_STAR7_MINI=-2.8, ALPHA_STAR_MINI=0.5, F_ESC10=-0.8, ALPHA_ESC=-0.5, F_ESC7_MINI=-2.0, M_TURN=8.0, R_BUBBLE_MAX=15.0, R_BUBBLE_MIN=0.620350491, ION_Tvir_MIN=4.69897, L_X=40.5, L_X_MINI=40.5, NU_X_THRESH=500.0, X_RAY_SPEC_INDEX=1.0, X_RAY_Tvir_MIN=4.69897, F_H2_SHIELD=0.0, t_STAR=0.5, A_LW=2.0, BETA_LW=0.6, A_VCB=1.0, BETA_VCB=1.8, UPPER_STELLAR_TURNOVER_MASS=11.447, UPPER_STELLAR_TURNOVER_INDEX=-0.6, SIGMA_STAR=0.25, SIGMA_LX=0.5, SIGMA_SFR_LIM=0.19, SIGMA_SFR_INDEX=-0.12, T_RE=20000.0, FIXED_VAVG=25.86, POP2_ION=5000.0, POP3_ION=44021.0, PHOTONCONS_CALIBRATION_END=3.5, CLUMPING_FACTOR=2.0, ALPHA_UVB=5.0, R_MAX_TS=500.0, N_STEP_TS=40, MAX_DVDR=0.2, DELTA_R_HII_FACTOR=1.1, NU_X_BAND_MAX=2000.0, NU_X_MAX=10000.0)
astro_options: AstroOptions(USE_MINI_HALOS=False, USE_X_RAY_HEATING=False, USE_CMB_HEATING=True, USE_LYA_HEATING=True, INHOMO_RECO=False, USE_TS_FLUCT=False, FIX_VCB_AVG=False, USE_EXP_FILTER=True, CELL_RECOMB=True, PHOTON_CONS_TYPE='no-photoncons', USE_UPPER_STELLAR_TURNOVER=True, M_MIN_in_Mass=True, HALO_SCALING_RELATIONS_MEDIAN=False, HII_FILTER='spherical-tophat', HEAT_FILTER='spherical-tophat', IONISE_ENTIRE_SPHERE=False, INTEGRATION_METHOD_ATOMIC='GAUSS-LEGENDRE', INTEGRATION_METHOD_MINI='GAUSS-LEGENDRE')
, dummy=False, initial=False, lowres_density=Array(shape=(100, 100, 100), dtype=<class 'numpy.float32'>, state=ArrayState(initialized=True, c_memory=False, computed_in_mem=True, on_disk=True), initfunc=<built-in function zeros>, value=Corners: [[[-2.480335   -0.35657302]
  [-0.3118763   1.7412212 ]]

 [[ 0.37040606 -1.5044744 ]
  [ 0.30922672  1.0975386 ]]]
Min | Max | Mean: -6.886089324951172 | 7.070137023925781 | -0.00038077589124441147
First elements: [-2.480335   -2.9297771  -1.626383    0.17782088  0.75115246 -1.0006963 ], cache_backend=H5Backend(path=PosixPath('/gpfs/workdir/ouadjout/cache/ddeadc44dc98d23ccff2ba8876e85714/1234/InitialConditions.h5'), dataset='/InitialConditions/OutputFields/lowres_density')), lowres_vx=Array(shape=(100, 100, 100), dtype=<class 'numpy.float32'>, state=ArrayState(initialized=True, c_memory=False, computed_in_mem=True, on_disk=True), initfunc=<built-in function zeros>, value=Corners: [[[ -4.5892577  -3.534757 ]
  [ -5.6484632  -4.244854 ]]

 [[-11.1507225  -8.459564 ]
  [ -9.705182   -8.4861145]]]
Min | Max | Mean: -34.373680114746094 | 37.75093460083008 | -7.281250145751983e-05
First elements: [-4.5892577 -4.6131916 -1.7308497 -4.9577894 -5.9261274 -6.193474 ], cache_backend=H5Backend(path=PosixPath('/gpfs/workdir/ouadjout/cache/ddeadc44dc98d23ccff2ba8876e85714/1234/InitialConditions.h5'), dataset='/InitialConditions/OutputFields/lowres_vx')), lowres_vy=Array(shape=(100, 100, 100), dtype=<class 'numpy.float32'>, state=ArrayState(initialized=True, c_memory=False, computed_in_mem=True, on_disk=True), initfunc=<built-in function zeros>, value=Corners: [[[-16.112865 -14.518849]
  [-12.440744 -10.941949]]

 [[-17.806044 -15.862948]
  [-11.09789  -10.049237]]]
Min | Max | Mean: -36.30656051635742 | 36.69683837890625 | 2.2664062271360308e-05
First elements: [-16.112865 -15.082263 -12.909014 -11.404175 -10.858281  -9.724032], cache_backend=H5Backend(path=PosixPath('/gpfs/workdir/ouadjout/cache/ddeadc44dc98d23ccff2ba8876e85714/1234/InitialConditions.h5'), dataset='/InitialConditions/OutputFields/lowres_vy')), lowres_vz=Array(shape=(100, 100, 100), dtype=<class 'numpy.float32'>, state=ArrayState(initialized=True, c_memory=False, computed_in_mem=True, on_disk=True), initfunc=<built-in function zeros>, value=Corners: [[[ -9.91093   -10.722015 ]
  [ -9.670857   -7.4029574]]

 [[ -8.199461   -8.563346 ]
  [ -7.383031   -4.9147434]]]
Min | Max | Mean: -32.646244049072266 | 36.70928192138672 | 0.00010927800758508965
First elements: [-9.91093    -0.46566212  6.008394    3.596572   -1.6993955   1.9985039 ], cache_backend=H5Backend(path=PosixPath('/gpfs/workdir/ouadjout/cache/ddeadc44dc98d23ccff2ba8876e85714/1234/InitialConditions.h5'), dataset='/InitialConditions/OutputFields/lowres_vz')), hires_density=Array(shape=(300, 300, 300), dtype=<class 'numpy.float32'>, state=ArrayState(initialized=True, c_memory=False, computed_in_mem=True, on_disk=True), initfunc=<built-in function zeros>, value=Corners: [[[-3.4313452   0.70973307]
  [ 0.26310417 -0.03270568]]

 [[-2.2947135  -3.003177  ]
  [-3.7410393  -0.46895394]]]
Min | Max | Mean: -14.232635498046875 | 14.084505081176758 | -2.893518480373558e-10
First elements: [-3.4313452 -4.676467  -2.114232  -2.6692631 -3.6945095 -3.3770893], cache_backend=H5Backend(path=PosixPath('/gpfs/workdir/ouadjout/cache/ddeadc44dc98d23ccff2ba8876e85714/1234/InitialConditions.h5'), dataset='/InitialConditions/OutputFields/hires_density')), hires_vx=None, hires_vy=None, hires_vz=None, lowres_vx_2LPT=Array(shape=(100, 100, 100), dtype=<class 'numpy.float32'>, state=ArrayState(initialized=True, c_memory=False, computed_in_mem=True, on_disk=True), initfunc=<built-in function zeros>, value=Corners: [[[-1.0979793  -1.1333824 ]
  [-0.10982046  1.7487388 ]]

 [[ 0.5675496   0.3864407 ]
  [-2.2462735  -1.6973764 ]]]
Min | Max | Mean: -27.050472259521484 | 27.894668579101562 | 0.00017917186778504401
First elements: [-1.0979793  -0.75987047 -1.8141931  -1.28383     0.00611019  0.76214564], cache_backend=H5Backend(path=PosixPath('/gpfs/workdir/ouadjout/cache/ddeadc44dc98d23ccff2ba8876e85714/1234/InitialConditions.h5'), dataset='/InitialConditions/OutputFields/lowres_vx_2LPT')), lowres_vy_2LPT=Array(shape=(100, 100, 100), dtype=<class 'numpy.float32'>, state=ArrayState(initialized=True, c_memory=False, computed_in_mem=True, on_disk=True), initfunc=<built-in function zeros>, value=Corners: [[[ 6.241105   2.579488 ]
  [ 4.0142603 -0.3235017]]

 [[ 4.933752   4.1194434]
  [ 3.6117766  1.0787165]]]
Min | Max | Mean: -27.01322364807129 | 26.43585205078125 | -0.00010563887190073729
First elements: [6.241105   7.323466   3.5661888  1.5921993  0.937228   0.39170587], cache_backend=H5Backend(path=PosixPath('/gpfs/workdir/ouadjout/cache/ddeadc44dc98d23ccff2ba8876e85714/1234/InitialConditions.h5'), dataset='/InitialConditions/OutputFields/lowres_vy_2LPT')), lowres_vz_2LPT=Array(shape=(100, 100, 100), dtype=<class 'numpy.float32'>, state=ArrayState(initialized=True, c_memory=False, computed_in_mem=True, on_disk=True), initfunc=<built-in function zeros>, value=Corners: [[[ 3.798221    2.8807359 ]
  [-0.72580385 -0.20598233]]

 [[ 1.431912    4.6057067 ]
  [-0.12490749  0.85647786]]]
Min | Max | Mean: -23.695560455322266 | 30.210853576660156 | 0.0002618044090922922
First elements: [ 3.798221   -0.4644283  -2.8017657   0.11862983  0.23998272 -1.1468616 ], cache_backend=H5Backend(path=PosixPath('/gpfs/workdir/ouadjout/cache/ddeadc44dc98d23ccff2ba8876e85714/1234/InitialConditions.h5'), dataset='/InitialConditions/OutputFields/lowres_vz_2LPT')), hires_vx_2LPT=Array(shape=(300, 300, 300), dtype=<class 'numpy.float32'>, state=ArrayState(initialized=False, c_memory=False, computed_in_mem=False, on_disk=True), initfunc=<built-in function zeros>, value=None, cache_backend=H5Backend(path=PosixPath('/gpfs/workdir/ouadjout/cache/ddeadc44dc98d23ccff2ba8876e85714/1234/InitialConditions.h5'), dataset='/InitialConditions/OutputFields/hires_vx_2LPT')), hires_vy_2LPT=Array(shape=(300, 300, 300), dtype=<class 'numpy.float32'>, state=ArrayState(initialized=False, c_memory=False, computed_in_mem=False, on_disk=True), initfunc=<built-in function zeros>, value=None, cache_backend=H5Backend(path=PosixPath('/gpfs/workdir/ouadjout/cache/ddeadc44dc98d23ccff2ba8876e85714/1234/InitialConditions.h5'), dataset='/InitialConditions/OutputFields/hires_vy_2LPT')), hires_vz_2LPT=Array(shape=(300, 300, 300), dtype=<class 'numpy.float32'>, state=ArrayState(initialized=False, c_memory=False, computed_in_mem=False, on_disk=True), initfunc=<built-in function zeros>, value=None, cache_backend=H5Backend(path=PosixPath('/gpfs/workdir/ouadjout/cache/ddeadc44dc98d23ccff2ba8876e85714/1234/InitialConditions.h5'), dataset='/InitialConditions/OutputFields/hires_vz_2LPT')), lowres_vcb=None), 1234, HaloCatalog(inputs=cosmo_params: CosmoParams(_SIGMA_8=None, hlittle=0.6766, OMm=0.30964144154550644, OMb=0.04897468161869667, POWER_INDEX=0.9665, _A_s=None, OMn=0.0, OMk=0.0, OMr=8.6e-05, OMtot=1.0, Y_He=0.24, wl=-1.0)
simulation_options: SimulationOptions(HII_DIM=256, _BOX_LEN=None, _DIM=None, _HIRES_TO_LOWRES_FACTOR=None, _LOWRES_CELL_SIZE_MPC=None, NON_CUBIC_FACTOR=1.0, N_THREADS=1, SAMPLER_MIN_MASS=100000000.0, SAMPLER_BUFFER_FACTOR=2.0, N_COND_INTERP=200, N_PROB_INTERP=400, MIN_LOGPROB=-12.0, HALOMASS_CORRECTION=0.89, PARKINSON_G0=1.0, PARKINSON_y1=0.0, PARKINSON_y2=0.0, Z_HEAT_MAX=35.0, ZPRIME_STEP_FACTOR=1.02, MIN_XE_FOR_FCOLL_IN_TAUX=0.001, INITIAL_REDSHIFT=300.0, DELTA_R_FACTOR=1.1, DENSITY_SMOOTH_RADIUS=0.2, DEXM_OPTIMIZE_MINMASS=100000000000.0, DEXM_R_OVERLAP=2.0, CORR_STAR=0.5, CORR_SFR=0.2, CORR_LX=0.2, K_MAX_FOR_CLASS=None)
matter_options: MatterOptions(HMF='ST', USE_RELATIVE_VELOCITIES=False, POWER_SPECTRUM='EH', PERTURB_ON_HIGH_RES=False, USE_INTERPOLATION_TABLES='hmf-interpolation', MINIMIZE_MEMORY=False, KEEP_3D_VELOCITIES=False, SAMPLE_METHOD='MASS-LIMITED', FILTER='spherical-tophat', HALO_FILTER='spherical-tophat', SMOOTH_EVOLVED_DENSITY_FIELD=False, DEXM_OPTIMIZE=False, PERTURB_ALGORITHM='2LPT', USE_FFTW_WISDOM=False, SOURCE_MODEL='CHMF-SAMPLER')
astro_params: AstroParams(HII_EFF_FACTOR=30.0, F_STAR10=-1.3, ALPHA_STAR=0.5, F_STAR7_MINI=-2.8, ALPHA_STAR_MINI=0.5, F_ESC10=-1.0, ALPHA_ESC=-0.5, F_ESC7_MINI=-2.0, M_TURN=8.7, R_BUBBLE_MAX=15.0, R_BUBBLE_MIN=0.620350491, ION_Tvir_MIN=4.69897, L_X=40.5, L_X_MINI=40.5, NU_X_THRESH=500.0, X_RAY_SPEC_INDEX=1.0, X_RAY_Tvir_MIN=4.69897, F_H2_SHIELD=0.0, t_STAR=0.5, A_LW=2.0, BETA_LW=0.6, A_VCB=1.0, BETA_VCB=1.8, UPPER_STELLAR_TURNOVER_MASS=11.447, UPPER_STELLAR_TURNOVER_INDEX=-0.6, SIGMA_STAR=0.25, SIGMA_LX=0.5, SIGMA_SFR_LIM=0.19, SIGMA_SFR_INDEX=-0.12, T_RE=20000.0, FIXED_VAVG=25.86, POP2_ION=5000.0, POP3_ION=44021.0, PHOTONCONS_CALIBRATION_END=3.5, CLUMPING_FACTOR=2.0, ALPHA_UVB=5.0, R_MAX_TS=500.0, N_STEP_TS=40, MAX_DVDR=0.2, DELTA_R_HII_FACTOR=1.1, NU_X_BAND_MAX=2000.0, NU_X_MAX=10000.0)
astro_options: AstroOptions(USE_MINI_HALOS=False, USE_X_RAY_HEATING=True, USE_CMB_HEATING=True, USE_LYA_HEATING=True, INHOMO_RECO=False, USE_TS_FLUCT=False, FIX_VCB_AVG=False, USE_EXP_FILTER=True, CELL_RECOMB=True, PHOTON_CONS_TYPE='no-photoncons', USE_UPPER_STELLAR_TURNOVER=True, M_MIN_in_Mass=True, HALO_SCALING_RELATIONS_MEDIAN=False, HII_FILTER='spherical-tophat', HEAT_FILTER='spherical-tophat', IONISE_ENTIRE_SPHERE=False, INTEGRATION_METHOD_ATOMIC='GAUSS-LEGENDRE', INTEGRATION_METHOD_MINI='GAUSS-LEGENDRE')
, dummy=True, initial=False, redshift=-1.0, desc_redshift=None, halo_masses=Array(shape=(0,), dtype=<class 'numpy.float32'>, state=ArrayState(initialized=True, c_memory=False, computed_in_mem=False, on_disk=False), initfunc=<built-in function zeros>, value=[], cache_backend=None), star_rng=Array(shape=(0,), dtype=<class 'numpy.float32'>, state=ArrayState(initialized=True, c_memory=False, computed_in_mem=False, on_disk=False), initfunc=<built-in function zeros>, value=[], cache_backend=None), sfr_rng=Array(shape=(0,), dtype=<class 'numpy.float32'>, state=ArrayState(initialized=True, c_memory=False, computed_in_mem=False, on_disk=False), initfunc=<built-in function zeros>, value=[], cache_backend=None), xray_rng=Array(shape=(0,), dtype=<class 'numpy.float32'>, state=ArrayState(initialized=True, c_memory=False, computed_in_mem=False, on_disk=False), initfunc=<built-in function zeros>, value=[], cache_backend=None), halo_coords=Array(shape=(0, 3), dtype=<class 'numpy.float32'>, state=ArrayState(initialized=True, c_memory=False, computed_in_mem=False, on_disk=False), initfunc=<built-in function zeros>, value=[], cache_backend=None), n_halos=None, buffer_size=0))
Démarrage de la simulation séquentielle (Optimisation RAM)...
Traceback (most recent call last):
  File "/gpfs/users/ouadjout/skadatachallenge/main.py", line 87, in <module>
    main()
    ~~~~^^
  File "/gpfs/users/ouadjout/skadatachallenge/main.py", line 61, in main
    coevals = p21c.run_coeval(
            out_redshifts=redshifts,
    ...<2 lines>...
            cache = cache
    )
  File "/gpfs/users/ouadjout/skadatachallenge/.venv/lib/python3.13/site-packages/py21cmfast/drivers/coeval.py", line 639, in run_coeval
    return [coeval for coeval, in_outputs in generate_coeval(**kwargs) if in_outputs]
                                             ~~~~~~~~~~~~~~~^^^^^^^^^^
  File "/gpfs/users/ouadjout/skadatachallenge/.venv/lib/python3.13/site-packages/py21cmfast/drivers/_param_config.py", line 497, in __call__
    yield from self._func(**kwargs)
  File "/gpfs/users/ouadjout/skadatachallenge/.venv/lib/python3.13/site-packages/py21cmfast/drivers/coeval.py", line 579, in generate_coeval
    ) = _setup_ics_and_pfs_for_scrolling(
        ~~~~~~~~~~~~~~~~~~~~~~~~~~~~~~~~^
        all_redshifts=all_redshifts,
        ^^^^^^^^^^^^^^^^^^^^^^^^^^^^
    ...<4 lines>...
        **iokw,
        ^^^^^^^
    )
    ^
  File "/gpfs/users/ouadjout/skadatachallenge/.venv/lib/python3.13/site-packages/py21cmfast/drivers/coeval.py", line 891, in _setup_ics_and_pfs_for_scrolling
    halofield_list = evolve_halos(
        inputs=inputs,
    ...<3 lines>...
        **kw,
    )
  File "/gpfs/users/ouadjout/skadatachallenge/.venv/lib/python3.13/site-packages/py21cmfast/drivers/coeval.py", line 455, in evolve_halos
    halos = sf.determine_halo_catalog(
        redshift=z,
    ...<3 lines>...
        **kw,
    )
  File "/gpfs/users/ouadjout/skadatachallenge/.venv/lib/python3.13/site-packages/py21cmfast/drivers/_param_config.py", line 463, in __call__
    out = self._func(**kwargs)
  File "/gpfs/users/ouadjout/skadatachallenge/.venv/lib/python3.13/site-packages/py21cmfast/drivers/single_field.py", line 169, in determine_halo_catalog
    return fields.compute(
           ~~~~~~~~~~~~~~^
        ics=initial_conditions,
        ^^^^^^^^^^^^^^^^^^^^^^^
        descendant_halos=descendant_halos,
        ^^^^^^^^^^^^^^^^^^^^^^^^^^^^^^^^^^
    )
    ^
  File "/gpfs/users/ouadjout/skadatachallenge/.venv/lib/python3.13/site-packages/py21cmfast/wrapper/outputs.py", line 859, in compute
    return self._compute(
           ~~~~~~~~~~~~~^
        allow_already_computed,
        ^^^^^^^^^^^^^^^^^^^^^^^
    ...<4 lines>...
        descendant_halos,
        ^^^^^^^^^^^^^^^^^
    )
    ^
  File "/gpfs/users/ouadjout/skadatachallenge/.venv/lib/python3.13/site-packages/py21cmfast/wrapper/outputs.py", line 479, in _compute
    _process_exitcode(exitcode, self._c_compute_function, args)
    ~~~~~~~~~~~~~~~~~^^^^^^^^^^^^^^^^^^^^^^^^^^^^^^^^^^^^^^^^^^
  File "/gpfs/users/ouadjout/skadatachallenge/.venv/lib/python3.13/site-packages/py21cmfast/wrapper/exceptions.py", line 103, in _process_exitcode
    raise {
    ...<9 lines>...
    }[exitcode]
py21cmfast.wrapper.exceptions.ArgumentValueError: An incorrect argument has been defined or passed! (check the LOG for more info)
