[Warning] Skipping point_9666: done.flag not found
[Warning] Skipping point_9668: done.flag not found
[Warning] Skipping point_9670: done.flag not found
[Warning] Skipping point_9671: done.flag not found
[Warning] Skipping point_9672: done.flag not found
[Warning] Skipping point_9674: done.flag not found
[Warning] Skipping point_9675: done.flag not found
[Warning] Skipping point_9676: done.flag not found
[Warning] Skipping point_9677: done.flag not found
[Warning] Skipping point_9678: done.flag not found
[Warning] Skipping point_9680: done.flag not found
[Warning] Skipping point_9681: done.flag not found
[Warning] Skipping point_9682: done.flag not found
[Warning] Skipping point_9685: done.flag not found
[Warning] Skipping point_9686: done.flag not found
[Warning] Skipping point_9687: done.flag not found
[Warning] Skipping point_9689: done.flag not found
[Warning] Skipping point_9690: done.flag not found
[Warning] Skipping point_9692: done.flag not found
[Warning] Skipping point_9693: done.flag not found
[Warning] Skipping point_9698: done.flag not found
[Warning] Skipping point_9699: done.flag not found
[Warning] Skipping point_9701: done.flag not found
[Warning] Skipping point_9702: done.flag not found
[Warning] Skipping point_9703: done.flag not found
[Warning] Skipping point_9704: done.flag not found
[Warning] Skipping point_9705: done.flag not found
[Warning] Skipping point_9706: done.flag not found
[Warning] Skipping point_9707: done.flag not found
[Warning] Skipping point_9708: done.flag not found
[Warning] Skipping point_9709: done.flag not found
[Warning] Skipping point_9710: done.flag not found
[Warning] Skipping point_9711: done.flag not found
[Warning] Skipping point_9712: done.flag not found
[Warning] Skipping point_9713: done.flag not found
[Warning] Skipping point_9714: done.flag not found
[Warning] Skipping point_9715: done.flag not found
[Warning] Skipping point_9717: done.flag not found
[Warning] Skipping point_9718: done.flag not found
[Warning] Skipping point_9719: done.flag not found
[Warning] Skipping point_9721: done.flag not found
[Warning] Skipping point_9722: done.flag not found
[Warning] Skipping point_9723: done.flag not found
[Warning] Skipping point_9724: done.flag not found
[Warning] Skipping point_9726: done.flag not found
[Warning] Skipping point_9729: done.flag not found
[Warning] Skipping point_9730: done.flag not found
[Warning] Skipping point_9732: done.flag not found
[Warning] Skipping point_9733: done.flag not found
[Warning] Skipping point_9734: done.flag not found
[Warning] Skipping point_9735: done.flag not found
[Warning] Skipping point_9736: done.flag not found
[Warning] Skipping point_9737: done.flag not found
[Warning] Skipping point_9738: done.flag not found
[Warning] Skipping point_9739: done.flag not found
[Warning] Skipping point_9740: done.flag not found
[Warning] Skipping point_9741: done.flag not found
[Warning] Skipping point_9742: done.flag not found
[Warning] Skipping point_9743: done.flag not found
[Warning] Skipping point_9744: done.flag not found
[Warning] Skipping point_9745: done.flag not found
[Warning] Skipping point_9747: done.flag not found
[Warning] Skipping point_9748: done.flag not found
[Warning] Skipping point_9749: done.flag not found
[Warning] Skipping point_9750: done.flag not found
[Warning] Skipping point_9751: done.flag not found
[Warning] Skipping point_9752: done.flag not found
[Warning] Skipping point_9753: done.flag not found
[Warning] Skipping point_9754: done.flag not found
[Warning] Skipping point_9755: done.flag not found
[Warning] Skipping point_9756: done.flag not found
[Warning] Skipping point_9757: done.flag not found
[Warning] Skipping point_9758: done.flag not found
[Warning] Skipping point_9759: done.flag not found
[Warning] Skipping point_9760: done.flag not found
[Warning] Skipping point_9762: done.flag not found
[Warning] Skipping point_9763: done.flag not found
[Warning] Skipping point_9765: done.flag not found
[Warning] Skipping point_9766: done.flag not found
[Warning] Skipping point_9767: done.flag not found
[Warning] Skipping point_9768: done.flag not found
[Warning] Skipping point_9769: done.flag not found
[Warning] Skipping point_9771: done.flag not found
[Warning] Skipping point_9772: done.flag not found
[Warning] Skipping point_9773: done.flag not found
[Warning] Skipping point_9774: done.flag not found
[Warning] Skipping point_9775: done.flag not found
[Warning] Skipping point_9777: done.flag not found
[Warning] Skipping point_9778: done.flag not found
[Warning] Skipping point_9779: done.flag not found
[Warning] Skipping point_9780: done.flag not found
[Warning] Skipping point_9781: done.flag not found
[Warning] Skipping point_9782: done.flag not found
[Warning] Skipping point_9783: done.flag not found
[Warning] Skipping point_9784: done.flag not found
[Warning] Skipping point_9785: done.flag not found
[Warning] Skipping point_9787: done.flag not found
[Warning] Skipping point_9788: done.flag not found
[Warning] Skipping point_9789: done.flag not found
[Warning] Skipping point_9790: done.flag not found
[Warning] Skipping point_9791: done.flag not found
[Warning] Skipping point_9792: done.flag not found
[Warning] Skipping point_9793: done.flag not found
[Warning] Skipping point_9794: done.flag not found
[Warning] Skipping point_9795: done.flag not found
[Warning] Skipping point_9796: done.flag not found
[Warning] Skipping point_9800: done.flag not found
[Warning] Skipping point_9801: done.flag not found
[Warning] Skipping point_9802: done.flag not found
[Warning] Skipping point_9803: done.flag not found
[Warning] Skipping point_9804: done.flag not found
[Warning] Skipping point_9805: done.flag not found
[Warning] Skipping point_9806: done.flag not found
[Warning] Skipping point_9807: done.flag not found
[Warning] Skipping point_9808: done.flag not found
[Warning] Skipping point_9809: done.flag not found
[Warning] Skipping point_9810: done.flag not found
[Warning] Skipping point_9811: done.flag not found
[Warning] Skipping point_9812: done.flag not found
[Warning] Skipping point_9813: done.flag not found
[Warning] Skipping point_9814: done.flag not found
[Warning] Skipping point_9816: done.flag not found
[Warning] Skipping point_9818: done.flag not found
[Warning] Skipping point_9819: done.flag not found
[Warning] Skipping point_9820: done.flag not found
[Warning] Skipping point_9821: done.flag not found
[Warning] Skipping point_9822: done.flag not found
[Warning] Skipping point_9823: done.flag not found
[Warning] Skipping point_9824: done.flag not found
[Warning] Skipping point_9825: done.flag not found
[Warning] Skipping point_9826: done.flag not found
[Warning] Skipping point_9827: done.flag not found
[Warning] Skipping point_9828: done.flag not found
[Warning] Skipping point_9829: done.flag not found
[Warning] Skipping point_9830: done.flag not found
[Warning] Skipping point_9831: done.flag not found
[Warning] Skipping point_9832: done.flag not found
[Warning] Skipping point_9833: done.flag not found
[Warning] Skipping point_9834: done.flag not found
[Warning] Skipping point_9835: done.flag not found
[Warning] Skipping point_9839: done.flag not found
[Warning] Skipping point_9840: done.flag not found
[Warning] Skipping point_9841: done.flag not found
[Warning] Skipping point_9842: done.flag not found
[Warning] Skipping point_9843: done.flag not found
[Warning] Skipping point_9845: done.flag not found
[Warning] Skipping point_9846: done.flag not found
[Warning] Skipping point_9847: done.flag not found
[Warning] Skipping point_9848: done.flag not found
[Warning] Skipping point_9849: done.flag not found
[Warning] Skipping point_9850: done.flag not found
[Warning] Skipping point_9851: done.flag not found
[Warning] Skipping point_9852: done.flag not found
[Warning] Skipping point_9854: done.flag not found
[Warning] Skipping point_9855: done.flag not found
[Warning] Skipping point_9856: done.flag not found
[Warning] Skipping point_9858: done.flag not found
[Warning] Skipping point_9859: done.flag not found
[Warning] Skipping point_9862: done.flag not found
[Warning] Skipping point_9863: done.flag not found
[Warning] Skipping point_9864: done.flag not found
[Warning] Skipping point_9865: done.flag not found
[Warning] Skipping point_9867: done.flag not found
[Warning] Skipping point_9868: done.flag not found
[Warning] Skipping point_9869: done.flag not found
[Warning] Skipping point_9870: done.flag not found
[Warning] Skipping point_9871: done.flag not found
[Warning] Skipping point_9873: done.flag not found
[Warning] Skipping point_9875: done.flag not found
[Warning] Skipping point_9876: done.flag not found
[Warning] Skipping point_9877: done.flag not found
[Warning] Skipping point_9878: done.flag not found
[Warning] Skipping point_9879: done.flag not found
[Warning] Skipping point_9880: done.flag not found
[Warning] Skipping point_9882: done.flag not found
[Warning] Skipping point_9884: done.flag not found
[Warning] Skipping point_9885: done.flag not found
[Warning] Skipping point_9886: done.flag not found
[Warning] Skipping point_9887: done.flag not found
[Warning] Skipping point_9888: done.flag not found
[Warning] Skipping point_9889: done.flag not found
[Warning] Skipping point_9890: done.flag not found
[Warning] Skipping point_9891: done.flag not found
[Warning] Skipping point_9892: done.flag not found
[Warning] Skipping point_9894: done.flag not found
[Warning] Skipping point_9895: done.flag not found
[Warning] Skipping point_9896: done.flag not found
[Warning] Skipping point_9897: done.flag not found
[Warning] Skipping point_9898: done.flag not found
[Warning] Skipping point_9899: done.flag not found
[Warning] Skipping point_9900: done.flag not found
[Warning] Skipping point_9901: done.flag not found
[Warning] Skipping point_9902: done.flag not found
[Warning] Skipping point_9904: done.flag not found
[Warning] Skipping point_9905: done.flag not found
[Warning] Skipping point_9906: done.flag not found
[Warning] Skipping point_9907: done.flag not found
[Warning] Skipping point_9908: done.flag not found
[Warning] Skipping point_9909: done.flag not found
[Warning] Skipping point_9910: done.flag not found
[Warning] Skipping point_9911: done.flag not found
[Warning] Skipping point_9912: done.flag not found
[Warning] Skipping point_9913: done.flag not found
[Warning] Skipping point_9914: done.flag not found
[Warning] Skipping point_9916: done.flag not found
[Warning] Skipping point_9917: done.flag not found
[Warning] Skipping point_9918: done.flag not found
[Warning] Skipping point_9919: done.flag not found
[Warning] Skipping point_9920: done.flag not found
[Warning] Skipping point_9921: done.flag not found
[Warning] Skipping point_9922: done.flag not found
[Warning] Skipping point_9923: done.flag not found
[Warning] Skipping point_9924: done.flag not found
[Warning] Skipping point_9925: done.flag not found
[Warning] Skipping point_9926: done.flag not found
[Warning] Skipping point_9927: done.flag not found
[Warning] Skipping point_9928: done.flag not found
[Warning] Skipping point_9929: done.flag not found
[Warning] Skipping point_9930: done.flag not found
[Warning] Skipping point_9931: done.flag not found
[Warning] Skipping point_9932: done.flag not found
[Warning] Skipping point_9933: done.flag not found
[Warning] Skipping point_9934: done.flag not found
[Warning] Skipping point_9935: done.flag not found
[Warning] Skipping point_9938: done.flag not found
[Warning] Skipping point_9939: done.flag not found
[Warning] Skipping point_9941: done.flag not found
[Warning] Skipping point_9942: done.flag not found
[Warning] Skipping point_9943: done.flag not found
[Warning] Skipping point_9944: done.flag not found
[Warning] Skipping point_9945: done.flag not found
[Warning] Skipping point_9946: done.flag not found
[Warning] Skipping point_9947: done.flag not found
[Warning] Skipping point_9948: done.flag not found
[Warning] Skipping point_9949: done.flag not found
[Warning] Skipping point_9950: done.flag not found
[Warning] Skipping point_9951: done.flag not found
[Warning] Skipping point_9953: done.flag not found
[Warning] Skipping point_9954: done.flag not found
[Warning] Skipping point_9955: done.flag not found
[Warning] Skipping point_9956: done.flag not found
[Warning] Skipping point_9957: done.flag not found
[Warning] Skipping point_9958: done.flag not found
[Warning] Skipping point_9959: done.flag not found
[Warning] Skipping point_9960: done.flag not found
[Warning] Skipping point_9961: done.flag not found
[Warning] Skipping point_9962: done.flag not found
[Warning] Skipping point_9963: done.flag not found
[Warning] Skipping point_9964: done.flag not found
[Warning] Skipping point_9965: done.flag not found
[Warning] Skipping point_9966: done.flag not found
[Warning] Skipping point_9967: done.flag not found
[Warning] Skipping point_9968: done.flag not found
[Warning] Skipping point_9969: done.flag not found
[Warning] Skipping point_9970: done.flag not found
[Warning] Skipping point_9971: done.flag not found
[Warning] Skipping point_9972: done.flag not found
[Warning] Skipping point_9973: done.flag not found
[Warning] Skipping point_9975: done.flag not found
[Warning] Skipping point_9976: done.flag not found
[Warning] Skipping point_9977: done.flag not found
[Warning] Skipping point_9978: done.flag not found
[Warning] Skipping point_9979: done.flag not found
[Warning] Skipping point_9980: done.flag not found
[Warning] Skipping point_9981: done.flag not found
[Warning] Skipping point_9982: done.flag not found
[Warning] Skipping point_9983: done.flag not found
[Warning] Skipping point_9984: done.flag not found
[Warning] Skipping point_9985: done.flag not found
[Warning] Skipping point_9986: done.flag not found
[Warning] Skipping point_9988: done.flag not found
[Warning] Skipping point_9989: done.flag not found
[Warning] Skipping point_9990: done.flag not found
[Warning] Skipping point_9992: done.flag not found
[Warning] Skipping point_9993: done.flag not found
[Warning] Skipping point_9994: done.flag not found
[Warning] Skipping point_9995: done.flag not found
[Warning] Skipping point_9996: done.flag not found
[Warning] Skipping point_9997: done.flag not found
Loaded 9438 successful points from low_generate_data/results/
thetas shape : torch.Size([9438, 6])
ps2d shape   : torch.Size([9438, 3, 10, 10])
xhi shape    : torch.Size([9438, 3])
theta[0]     : tensor([ 0.1465, -0.5569,  0.2257, -0.9198,  8.5959,  0.8399])
