
=== box_len=250, hiidim=128 ===
Perturbing Matter Fields ━━━━━ 100% • 17/17 redshifts • 0:00… • 0:00:… remaining
          Evolving Halos ━━━━━ 100% • 17/17 redshifts • 0:00… • 0:00:… remaining
   Evolving Astrophysics ━━━━━ 100% • 17/17 redshifts • 0:00… • 0:00:… remaining
PS calculé pour z=7.56-8.41 (Profondeur: 250.0 Mpc), x_HI_mean=0.392)
PS calculé pour z=6.85-7.56 (Profondeur: 236.3 Mpc), x_HI_mean=0.556)
PS calculé pour z=6.25-6.85 (Profondeur: 226.6 Mpc), x_HI_mean=0.722)

=== box_len=500, hiidim=250 ===
Perturbing Matter Fields ━━━━━ 100% • 17/17 redshifts • 0:01… • 0:00:… remaining
          Evolving Halos ━━━━━ 100% • 17/17 redshifts • 0:03… • 0:00:… remaining
   Evolving Astrophysics ━━━━━ 100% • 17/17 redshifts • 0:05… • 0:00:… remaining
PS calculé pour z=7.56-8.41 (Profondeur: 248.0 Mpc), x_HI_mean=0.395)
PS calculé pour z=6.85-7.56 (Profondeur: 238.0 Mpc), x_HI_mean=0.562)
PS calculé pour z=6.25-6.85 (Profondeur: 226.0 Mpc), x_HI_mean=0.721)

=== box_len=700, hiidim=350 ===
Perturbing Matter Fields ━━━━━ 100% • 17/17 redshifts • 0:03… • 0:00:… remaining
          Evolving Halos ━━━━━ 100% • 17/17 redshifts • 0:09… • 0:00:… remaining
   Evolving Astrophysics ━━━━━ 100% • 17/17 redshifts • 0:18… • 0:00:… remaining
PS calculé pour z=7.56-8.41 (Profondeur: 248.0 Mpc), x_HI_mean=0.396)
PS calculé pour z=6.85-7.56 (Profondeur: 238.0 Mpc), x_HI_mean=0.554)
PS calculé pour z=6.25-6.85 (Profondeur: 226.0 Mpc), x_HI_mean=0.729)

Figure sauvegardée : convergence_3configs.pdf
