Utilisation de 32 threads via Slurm.
Démarrage de la simulation séquentielle (Optimisation RAM)...
--- Traitement Redshift 6.54 ---
Traceback (most recent call last):
  File "/gpfs/users/ouadjout/skadatachallenge/main.py", line 100, in <module>
    main()
    ~~~~^^
  File "/gpfs/users/ouadjout/skadatachallenge/main.py", line 68, in main
    coevals = p21c.run_coeval(
        out_redshifts=[z],
    ...<2 lines>...
        progressbar=False
    )
  File "/gpfs/users/ouadjout/skadatachallenge/.venv/lib/python3.13/site-packages/py21cmfast/drivers/coeval.py", line 639, in run_coeval
    return [coeval for coeval, in_outputs in generate_coeval(**kwargs) if in_outputs]
                                             ~~~~~~~~~~~~~~~^^^^^^^^^^
  File "/gpfs/users/ouadjout/skadatachallenge/.venv/lib/python3.13/site-packages/py21cmfast/drivers/_param_config.py", line 497, in __call__
    yield from self._func(**kwargs)
  File "/gpfs/users/ouadjout/skadatachallenge/.venv/lib/python3.13/site-packages/py21cmfast/drivers/coeval.py", line 579, in generate_coeval
    ) = _setup_ics_and_pfs_for_scrolling(
        ~~~~~~~~~~~~~~~~~~~~~~~~~~~~~~~~^
        all_redshifts=all_redshifts,
        ^^^^^^^^^^^^^^^^^^^^^^^^^^^^
    ...<4 lines>...
        **iokw,
        ^^^^^^^
    )
    ^
  File "/gpfs/users/ouadjout/skadatachallenge/.venv/lib/python3.13/site-packages/py21cmfast/drivers/coeval.py", line 891, in _setup_ics_and_pfs_for_scrolling
    halofield_list = evolve_halos(
        inputs=inputs,
    ...<3 lines>...
        **kw,
    )
  File "/gpfs/users/ouadjout/skadatachallenge/.venv/lib/python3.13/site-packages/py21cmfast/drivers/coeval.py", line 455, in evolve_halos
    halos = sf.determine_halo_catalog(
        redshift=z,
    ...<3 lines>...
        **kw,
    )
  File "/gpfs/users/ouadjout/skadatachallenge/.venv/lib/python3.13/site-packages/py21cmfast/drivers/_param_config.py", line 464, in __call__
    self._handle_write_to_cache(cache, write, out)
    ~~~~~~~~~~~~~~~~~~~~~~~~~~~^^^^^^^^^^^^^^^^^^^
  File "/gpfs/users/ouadjout/skadatachallenge/.venv/lib/python3.13/site-packages/py21cmfast/drivers/_param_config.py", line 414, in _handle_write_to_cache
    cache.write(obj)
    ~~~~~~~~~~~^^^^^
  File "/gpfs/users/ouadjout/skadatachallenge/.venv/lib/python3.13/site-packages/py21cmfast/io/caching.py", line 199, in write
    write_output_to_hdf5(obj, path=pth)
    ~~~~~~~~~~~~~~~~~~~~^^^^^^^^^^^^^^^
  File "/gpfs/users/ouadjout/skadatachallenge/.venv/lib/python3.13/site-packages/py21cmfast/io/h5.py", line 113, in write_output_to_hdf5
    write_outputs_to_group(output, group)
    ~~~~~~~~~~~~~~~~~~~~~~^^^^^^^^^^^^^^^
  File "/gpfs/users/ouadjout/skadatachallenge/.venv/lib/python3.13/site-packages/py21cmfast/io/h5.py", line 205, in write_outputs_to_group
    new = array.written_to_disk(H5Backend(group.file.filename, f"{group.name}/{k}"))
  File "/gpfs/users/ouadjout/skadatachallenge/.venv/lib/python3.13/site-packages/py21cmfast/wrapper/arrays.py", line 180, in written_to_disk
    backend.write(self.value)
    ~~~~~~~~~~~~~^^^^^^^^^^^^
  File "/gpfs/users/ouadjout/skadatachallenge/.venv/lib/python3.13/site-packages/py21cmfast/wrapper/arrays.py", line 55, in write
    f.create_dataset(self.dataset, data=val)
    ~~~~~~~~~~~~~~~~^^^^^^^^^^^^^^^^^^^^^^^^
  File "/gpfs/users/ouadjout/skadatachallenge/.venv/lib/python3.13/site-packages/h5py/_hl/group.py", line 240, in create_dataset
    dsid = dataset.make_new_dset(group, shape, dtype, data, name, **kwds)
  File "/gpfs/users/ouadjout/skadatachallenge/.venv/lib/python3.13/site-packages/h5py/_hl/dataset.py", line 192, in make_new_dset
    dset_id.write(h5s.ALL, h5s.ALL, data)
    ~~~~~~~~~~~~~^^^^^^^^^^^^^^^^^^^^^^^^
  File "h5py/_objects.pyx", line 54, in h5py._objects.with_phil.wrapper
  File "h5py/_objects.pyx", line 55, in h5py._objects.with_phil.wrapper
  File "h5py/h5d.pyx", line 305, in h5py.h5d.DatasetID.write
  File "h5py/_proxy.pyx", line 122, in h5py._proxy.dset_rw
OSError: [Errno 28] Can't synchronously write data (file write failed: time = Wed Mar 18 07:12:13 2026
, filename = '/tmp/tmpbvkng93o/8739acf1608ea35cfcadf0d89a85405e/1234/bcd8b0c2eb1fce714eab6cef0d771acc/6.5400/HaloCatalog.h5', file descriptor = 4, errno = 28, error message = 'No space left on device', buf = 0x14a3d8023c24, total write size = 11309324248, bytes this sub-write = 11309324248, offset = 13584805888)
