Traceback (most recent call last):
  File "/gpfs/users/ouadjout/skadatachallenge/scripts/run_one.py", line 31, in run_point
    ps2d_list, x_HI_mean_list = model(theta, cache_dir=cache_dir)
                                ~~~~~^^^^^^^^^^^^^^^^^^^^^^^^^^^^
  File "/gpfs/users/ouadjout/skadatachallenge/generate_data/model.py", line 36, in model
    lightcone = p21c.run_lightcone(
        lightconer=lcn,
    ...<2 lines>...
        progressbar=False
    )
  File "/gpfs/users/ouadjout/skadatachallenge/.venv/lib/python3.13/site-packages/py21cmfast/drivers/lightcone.py", line 694, in run_lightcone
    return deque(generate_lightcone(**kwargs), maxlen=1)[0][-1]
           ~~~~~^^^^^^^^^^^^^^^^^^^^^^^^^^^^^^^^^^^^^^^^
  File "/gpfs/users/ouadjout/skadatachallenge/.venv/lib/python3.13/site-packages/py21cmfast/drivers/_param_config.py", line 497, in __call__
    yield from self._func(**kwargs)
  File "/gpfs/users/ouadjout/skadatachallenge/.venv/lib/python3.13/site-packages/py21cmfast/drivers/lightcone.py", line 666, in generate_lightcone
    yield from _run_lightcone_from_perturbed_fields(
    ...<15 lines>...
    )
  File "/gpfs/users/ouadjout/skadatachallenge/.venv/lib/python3.13/site-packages/py21cmfast/drivers/lightcone.py", line 469, in _run_lightcone_from_perturbed_fields
    for iz, coeval in _redshift_loop_generator(
                      ~~~~~~~~~~~~~~~~~~~~~~~~^
        inputs=inputs,
        ^^^^^^^^^^^^^^
    ...<10 lines>...
        iokw=iokw,
        ^^^^^^^^^^
    ):
    ^
  File "/gpfs/users/ouadjout/skadatachallenge/.venv/lib/python3.13/site-packages/py21cmfast/drivers/coeval.py", line 743, in _redshift_loop_generator
    this_halobox = sf.compute_halo_grid(
        inputs=inputs,
    ...<5 lines>...
        **kw,
    )
  File "/gpfs/users/ouadjout/skadatachallenge/.venv/lib/python3.13/site-packages/py21cmfast/drivers/_param_config.py", line 464, in __call__
    self._handle_write_to_cache(cache, write, out)
    ~~~~~~~~~~~~~~~~~~~~~~~~~~~^^^^^^^^^^^^^^^^^^^
  File "/gpfs/users/ouadjout/skadatachallenge/.venv/lib/python3.13/site-packages/py21cmfast/drivers/_param_config.py", line 414, in _handle_write_to_cache
    cache.write(obj)
    ~~~~~~~~~~~^^^^^
  File "/gpfs/users/ouadjout/skadatachallenge/.venv/lib/python3.13/site-packages/py21cmfast/io/caching.py", line 199, in write
    write_output_to_hdf5(obj, path=pth)
    ~~~~~~~~~~~~~~~~~~~~^^^^^^^^^^^^^^^
  File "/gpfs/users/ouadjout/skadatachallenge/.venv/lib/python3.13/site-packages/py21cmfast/io/h5.py", line 113, in write_output_to_hdf5
    write_outputs_to_group(output, group)
    ~~~~~~~~~~~~~~~~~~~~~~^^^^^^^^^^^^^^^
  File "/gpfs/users/ouadjout/skadatachallenge/.venv/lib/python3.13/site-packages/py21cmfast/io/h5.py", line 205, in write_outputs_to_group
    new = array.written_to_disk(H5Backend(group.file.filename, f"{group.name}/{k}"))
  File "/gpfs/users/ouadjout/skadatachallenge/.venv/lib/python3.13/site-packages/py21cmfast/wrapper/arrays.py", line 180, in written_to_disk
    backend.write(self.value)
    ~~~~~~~~~~~~~^^^^^^^^^^^^
  File "/gpfs/users/ouadjout/skadatachallenge/.venv/lib/python3.13/site-packages/py21cmfast/wrapper/arrays.py", line 55, in write
    f.create_dataset(self.dataset, data=val)
    ~~~~~~~~~~~~~~~~^^^^^^^^^^^^^^^^^^^^^^^^
  File "/gpfs/users/ouadjout/skadatachallenge/.venv/lib/python3.13/site-packages/h5py/_hl/group.py", line 240, in create_dataset
    dsid = dataset.make_new_dset(group, shape, dtype, data, name, **kwds)
  File "/gpfs/users/ouadjout/skadatachallenge/.venv/lib/python3.13/site-packages/h5py/_hl/dataset.py", line 192, in make_new_dset
    dset_id.write(h5s.ALL, h5s.ALL, data)
    ~~~~~~~~~~~~~^^^^^^^^^^^^^^^^^^^^^^^^
  File "h5py/_objects.pyx", line 54, in h5py._objects.with_phil.wrapper
  File "h5py/_objects.pyx", line 55, in h5py._objects.with_phil.wrapper
  File "h5py/h5d.pyx", line 305, in h5py.h5d.DatasetID.write
  File "h5py/_proxy.pyx", line 122, in h5py._proxy.dset_rw
OSError: [Errno 122] Can't synchronously write data (file write failed: time = Mon Apr 13 19:14:44 2026
, filename = '/gpfs/workdir/ouadjout/cache/job_0110/e0c832e29d3ab2bdda74c9e8f68a8c50/1234/64b2f2d6f6d353660886c73de45d49d1/6.4285/840ca83cfdd2ab34c4d529edafb57176/HaloBox.h5', file descriptor = 4, errno = 122, error message = 'Disk quota exceeded', buf = 0x145948843010, total write size = 171500000, bytes this sub-write = 171500000, offset = 171508192)
